<?xml version="1.0" encoding="UTF-8"?>
<testsuite name="com.example.tsujimuraiddd.TsujimuraIdddApplicationTests" tests="1" skipped="0" failures="0" errors="0" timestamp="2023-05-27T01:41:17" hostname="tsujimurayuukinoMacBook-Air.local" time="0.098">
  <properties/>
  <testcase name="contextLoads()" classname="com.example.tsujimuraiddd.TsujimuraIdddApplicationTests" time="0.098"/>
  <system-out><![CDATA[10:41:15.047 [Test worker] DEBUG org.springframework.boot.test.context.SpringBootTestContextBootstrapper - Neither @ContextConfiguration nor @ContextHierarchy found for test class [TsujimuraIdddApplicationTests]: using SpringBootContextLoader
10:41:15.050 [Test worker] DEBUG org.springframework.test.context.support.AbstractContextLoader - Could not detect default resource locations for test class [com.example.tsujimuraiddd.TsujimuraIdddApplicationTests]: no resource found for suffixes {-context.xml, Context.groovy}.
10:41:15.051 [Test worker] INFO org.springframework.test.context.support.AnnotationConfigContextLoaderUtils - Could not detect default configuration classes for test class [com.example.tsujimuraiddd.TsujimuraIdddApplicationTests]: TsujimuraIdddApplicationTests does not declare any static, non-private, non-final, nested classes annotated with @Configuration.
10:41:15.064 [Test worker] DEBUG org.springframework.boot.test.context.SpringBootTestContextBootstrapper - Using ContextCustomizers for test class [TsujimuraIdddApplicationTests]: [DisableObservabilityContextCustomizer, PropertyMappingContextCustomizer, Customizer, ExcludeFilterContextCustomizer, DuplicateJsonObjectContextCustomizer, MockitoContextCustomizer, TestRestTemplateContextCustomizer]
10:41:15.108 [Test worker] DEBUG org.springframework.context.annotation.ClassPathScanningCandidateComponentProvider - Identified candidate component class: file [/Users/tsujimurayuuki/cqrs-practice/build/classes/java/main/com/example/tsujimuraiddd/TsujimuraIdddApplication.class]
10:41:15.109 [Test worker] INFO org.springframework.boot.test.context.SpringBootTestContextBootstrapper - Found @SpringBootConfiguration com.example.tsujimuraiddd.TsujimuraIdddApplication for test class com.example.tsujimuraiddd.TsujimuraIdddApplicationTests
10:41:15.155 [Test worker] DEBUG org.springframework.boot.test.context.SpringBootTestContextBootstrapper - Using TestExecutionListeners for test class [TsujimuraIdddApplicationTests]: [ServletTestExecutionListener, DirtiesContextBeforeModesTestExecutionListener, ApplicationEventsTestExecutionListener, MockitoTestExecutionListener, DependencyInjectionTestExecutionListener, DirtiesContextTestExecutionListener, TransactionalTestExecutionListener, SqlScriptsTestExecutionListener, EventPublishingTestExecutionListener, RestDocsTestExecutionListener, MockRestServiceServerResetTestExecutionListener, MockMvcPrintOnlyOnFailureTestExecutionListener, WebDriverTestExecutionListener, MockWebServiceServerTestExecutionListener, ResetMocksTestExecutionListener]
10:41:15.156 [Test worker] DEBUG org.springframework.test.context.support.AbstractDirtiesContextTestExecutionListener - Before test class: class [TsujimuraIdddApplicationTests], class annotated with @DirtiesContext [false] with mode [null]

  .   ____          _            __ _ _
 /\\ / ___'_ __ _ _(_)_ __  __ _ \ \ \ \
( ( )\___ | '_ | '_| | '_ \/ _` | \ \ \ \
 \\/  ___)| |_)| | | | | || (_| |  ) ) ) )
  '  |____| .__|_| |_|_| |_\__, | / / / /
 =========|_|==============|___/=/_/_/_/
 :: Spring Boot ::                (v3.0.2)

2023-05-27T10:41:15.298+09:00  INFO 24266 --- [    Test worker] c.e.t.TsujimuraIdddApplicationTests      : Starting TsujimuraIdddApplicationTests using Java 17.0.4.1 with PID 24266 (started by tsujimurayuuki in /Users/tsujimurayuuki/cqrs-practice)
2023-05-27T10:41:15.298+09:00  INFO 24266 --- [    Test worker] c.e.t.TsujimuraIdddApplicationTests      : No active profile set, falling back to 1 default profile: "default"
2023-05-27T10:41:15.813+09:00  INFO 24266 --- [    Test worker] .s.d.r.c.RepositoryConfigurationDelegate : Bootstrapping Spring Data JPA repositories in DEFAULT mode.
2023-05-27T10:41:15.837+09:00  INFO 24266 --- [    Test worker] .s.d.r.c.RepositoryConfigurationDelegate : Finished Spring Data repository scanning in 20 ms. Found 1 JPA repository interfaces.
2023-05-27T10:41:16.045+09:00  INFO 24266 --- [    Test worker] com.zaxxer.hikari.HikariDataSource       : HikariPool-1 - Starting...
2023-05-27T10:41:16.144+09:00  INFO 24266 --- [    Test worker] com.zaxxer.hikari.pool.HikariPool        : HikariPool-1 - Added connection conn0: url=jdbc:h2:mem:67e72bc7-3880-499e-9b95-d2cc8a447bce user=SA
2023-05-27T10:41:16.145+09:00  INFO 24266 --- [    Test worker] com.zaxxer.hikari.HikariDataSource       : HikariPool-1 - Start completed.
2023-05-27T10:41:16.172+09:00  INFO 24266 --- [    Test worker] o.hibernate.jpa.internal.util.LogHelper  : HHH000204: Processing PersistenceUnitInfo [name: default]
2023-05-27T10:41:16.203+09:00  INFO 24266 --- [    Test worker] org.hibernate.Version                    : HHH000412: Hibernate ORM core version 6.1.6.Final
2023-05-27T10:41:16.280+09:00  WARN 24266 --- [    Test worker] org.hibernate.orm.deprecation            : HHH90000021: Encountered deprecated setting [javax.persistence.sharedCache.mode], use [jakarta.persistence.sharedCache.mode] instead
2023-05-27T10:41:16.384+09:00  INFO 24266 --- [    Test worker] SQL dialect                              : HHH000400: Using dialect: org.hibernate.dialect.H2Dialect
2023-05-27T10:41:16.927+09:00  INFO 24266 --- [    Test worker] o.h.e.t.j.p.i.JtaPlatformInitiator       : HHH000490: Using JtaPlatform implementation: [org.hibernate.engine.transaction.jta.platform.internal.NoJtaPlatform]
2023-05-27T10:41:16.932+09:00  INFO 24266 --- [    Test worker] j.LocalContainerEntityManagerFactoryBean : Initialized JPA EntityManagerFactory for persistence unit 'default'
2023-05-27T10:41:17.212+09:00  WARN 24266 --- [    Test worker] JpaBaseConfiguration$JpaWebConfiguration : spring.jpa.open-in-view is enabled by default. Therefore, database queries may be performed during view rendering. Explicitly configure spring.jpa.open-in-view to disable this warning
2023-05-27T10:41:17.319+09:00  INFO 24266 --- [    Test worker] o.s.b.a.w.s.WelcomePageHandlerMapping    : Adding welcome page: class path resource [static/index.html]
2023-05-27T10:41:17.384+09:00  WARN 24266 --- [    Test worker] ion$DefaultTemplateResolverConfiguration : Cannot find template location: classpath:/templates/ (please add some templates, check your Thymeleaf configuration, or set spring.thymeleaf.check-template-location=false)
2023-05-27T10:41:17.560+09:00  INFO 24266 --- [    Test worker] o.s.b.a.e.web.EndpointLinksResolver      : Exposing 1 endpoint(s) beneath base path '/actuator'
2023-05-27T10:41:17.611+09:00  INFO 24266 --- [    Test worker] c.e.t.TsujimuraIdddApplicationTests      : Started TsujimuraIdddApplicationTests in 2.436 seconds (process running for 2.983)
]]></system-out>
  <system-err><![CDATA[]]></system-err>
</testsuite>
